TN:
SF:src\modules\pets\services\CreateFavUserPetsService.ts
FN:11,(anonymous_18)
FN:12,CreateFavUserPetsService
FN:26,(anonymous_20)
FNF:3
FNH:3
FNDA:1,(anonymous_18)
FNDA:4,CreateFavUserPetsService
FNDA:5,(anonymous_20)
DA:3,1
DA:4,1
DA:11,1
DA:14,4
DA:17,4
DA:20,4
DA:23,4
DA:26,1
DA:27,5
DA:29,5
DA:30,1
DA:33,4
DA:35,4
DA:36,1
DA:39,3
DA:41,3
DA:42,1
DA:45,2
DA:47,4
DA:49,2
DA:51,1
DA:53,1
LF:22
LH:22
BRDA:27,0,0,5
BRDA:29,1,0,1
BRDA:29,1,1,4
BRDA:35,2,0,1
BRDA:35,2,1,3
BRDA:41,3,0,1
BRDA:41,3,1,2
BRF:7
BRH:7
end_of_record
TN:
SF:src\modules\pets\services\CreateImageService.ts
FN:14,(anonymous_17)
FN:15,CreateImageService
FN:26,(anonymous_19)
FNF:3
FNH:3
FNDA:1,(anonymous_17)
FNDA:1,CreateImageService
FNDA:1,(anonymous_19)
DA:4,1
DA:14,1
DA:17,1
DA:20,1
DA:23,1
DA:26,1
DA:27,1
DA:29,1
DA:31,1
DA:35,2
DA:37,1
DA:39,1
DA:41,1
LF:13
LH:13
BRDA:29,0,0,1
BRF:1
BRH:1
end_of_record
TN:
SF:src\modules\pets\services\CreatePetService.ts
FN:23,(anonymous_18)
FN:24,CreatePetService
FN:35,(anonymous_20)
FNF:3
FNH:3
FNDA:3,(anonymous_18)
FNDA:8,CreatePetService
FNDA:8,(anonymous_20)
DA:3,3
DA:4,3
DA:23,3
DA:26,8
DA:29,8
DA:32,8
DA:35,3
DA:36,8
DA:37,8
DA:38,8
DA:39,8
DA:40,8
DA:41,8
DA:42,8
DA:43,8
DA:44,8
DA:45,8
DA:46,8
DA:48,8
DA:50,8
DA:51,1
DA:54,7
DA:55,1
DA:58,6
DA:59,3
DA:60,3
DA:61,1
DA:63,3
DA:64,1
DA:69,6
DA:83,12
DA:84,12
DA:86,6
DA:88,3
DA:90,3
LF:35
LH:35
BRDA:48,0,0,8
BRDA:50,1,0,1
BRDA:50,1,1,7
BRDA:54,2,0,1
BRDA:54,2,1,6
BRDA:58,3,0,3
BRDA:58,3,1,3
BRDA:58,4,0,6
BRDA:58,4,1,3
BRDA:60,5,0,1
BRDA:60,5,1,2
BRDA:63,6,0,1
BRDA:63,6,1,2
BRF:13
BRH:13
end_of_record
TN:
SF:src\modules\pets\services\DeleteFavUserPetsService.ts
FN:6,(anonymous_18)
FN:7,DeleteFavUserPetsService
FN:12,(anonymous_20)
FNF:3
FNH:3
FNDA:1,(anonymous_18)
FNDA:2,DeleteFavUserPetsService
FNDA:2,(anonymous_20)
DA:1,1
DA:2,1
DA:6,1
DA:9,2
DA:12,1
DA:13,2
DA:15,2
DA:16,1
DA:19,2
DA:21,1
DA:23,1
LF:11
LH:11
BRDA:13,0,0,2
BRDA:15,1,0,1
BRDA:15,1,1,1
BRF:3
BRH:3
end_of_record
TN:
SF:src\modules\pets\services\DeleteImageService.ts
FN:14,(anonymous_18)
FN:15,DeleteImageService
FN:23,(anonymous_20)
FNF:3
FNH:3
FNDA:1,(anonymous_18)
FNDA:2,DeleteImageService
FNDA:2,(anonymous_20)
DA:3,1
DA:4,1
DA:14,1
DA:17,2
DA:20,2
DA:23,2
DA:24,2
DA:26,2
DA:27,1
DA:30,2
DA:32,2
DA:34,1
DA:36,1
LF:13
LH:13
BRDA:24,0,0,2
BRDA:26,1,0,1
BRDA:26,1,1,1
BRF:3
BRH:3
end_of_record
TN:
SF:src\modules\pets\services\DeletePetService.ts
FN:14,(anonymous_18)
FN:15,DeletePetService
FN:29,(anonymous_20)
FN:47,(anonymous_23)
FN:47,(anonymous_24)
FNF:5
FNH:3
FNDA:1,(anonymous_18)
FNDA:3,DeletePetService
FNDA:3,(anonymous_20)
FNDA:0,(anonymous_23)
FNDA:0,(anonymous_24)
DA:3,1
DA:4,1
DA:14,1
DA:17,3
DA:20,3
DA:23,3
DA:26,3
DA:29,1
DA:30,3
DA:31,3
DA:33,3
DA:35,3
DA:36,1
DA:39,2
DA:41,2
DA:42,1
DA:45,1
DA:47,1
DA:48,0
DA:51,2
DA:53,1
DA:55,1
LF:22
LH:21
BRDA:33,0,0,3
BRDA:35,1,0,1
BRDA:35,1,1,2
BRDA:41,2,0,1
BRDA:41,2,1,1
BRDA:48,3,0,0
BRF:6
BRH:5
end_of_record
TN:
SF:src\modules\pets\services\FindFavUserPetsService.ts
FN:8,(anonymous_17)
FN:9,FindFavUserPetsService
FN:17,(anonymous_19)
FNF:3
FNH:3
FNDA:1,(anonymous_17)
FNDA:1,FindFavUserPetsService
FNDA:1,(anonymous_19)
DA:1,1
DA:8,1
DA:11,1
DA:14,1
DA:17,1
DA:18,1
DA:19,1
DA:23,1
DA:24,1
DA:26,2
DA:29,1
DA:31,1
DA:33,1
LF:13
LH:13
BRDA:29,0,0,1
BRDA:23,1,0,0
BRDA:23,1,1,1
BRF:3
BRH:2
end_of_record
TN:
SF:src\modules\pets\services\FindImagesService.ts
FN:8,(anonymous_17)
FN:9,FindImagesService
FN:17,(anonymous_19)
FNF:3
FNH:3
FNDA:1,(anonymous_17)
FNDA:1,FindImagesService
FNDA:1,(anonymous_19)
DA:2,1
DA:8,1
DA:11,1
DA:14,1
DA:17,1
DA:18,1
DA:20,1
DA:24,1
DA:25,1
DA:27,2
DA:30,1
DA:32,1
DA:34,1
LF:13
LH:13
BRDA:30,0,0,1
BRDA:24,1,0,0
BRDA:24,1,1,1
BRF:3
BRH:2
end_of_record
TN:
SF:src\modules\pets\services\FindPetsByLocationService.ts
FN:21,(anonymous_17)
FN:22,FindPetsByLocationService
FN:33,(anonymous_19)
FN:52,(anonymous_22)
FN:56,(anonymous_23)
FN:59,(anonymous_24)
FNF:6
FNH:6
FNDA:1,(anonymous_17)
FNDA:3,FindPetsByLocationService
FNDA:3,(anonymous_19)
FNDA:2,(anonymous_22)
FNDA:1,(anonymous_23)
FNDA:5,(anonymous_24)
DA:1,1
DA:21,1
DA:24,3
DA:27,3
DA:30,3
DA:33,1
DA:34,3
DA:36,3
DA:38,3
DA:42,3
DA:43,3
DA:44,2
DA:47,3
DA:51,3
DA:52,2
DA:55,3
DA:56,1
DA:59,3
DA:60,5
DA:64,5
DA:65,5
DA:69,3
DA:70,3
DA:72,6
DA:74,3
DA:76,1
DA:78,1
LF:27
LH:27
BRDA:74,0,0,3
BRDA:42,1,0,0
BRDA:42,1,1,3
BRDA:43,2,0,2
BRDA:43,2,1,1
BRDA:51,3,0,1
BRDA:51,3,1,2
BRDA:55,4,0,1
BRDA:55,4,1,2
BRDA:64,5,0,5
BRDA:64,5,1,0
BRF:11
BRH:9
end_of_record
TN:
SF:src\modules\pets\services\FindPetsByUserService.ts
FN:8,(anonymous_17)
FN:9,FindPetsByUserService
FN:17,(anonymous_19)
FNF:3
FNH:3
FNDA:1,(anonymous_17)
FNDA:1,FindPetsByUserService
FNDA:1,(anonymous_19)
DA:2,1
DA:8,1
DA:11,1
DA:14,1
DA:17,1
DA:18,1
DA:20,1
DA:24,1
DA:25,1
DA:27,2
DA:30,1
DA:32,1
DA:34,1
LF:13
LH:13
BRDA:30,0,0,1
BRDA:24,1,0,0
BRDA:24,1,1,1
BRF:3
BRH:2
end_of_record
TN:
SF:src\modules\pets\services\UpdateImageService.ts
FN:15,(anonymous_18)
FN:16,UpdateImageService
FN:24,(anonymous_20)
FNF:3
FNH:3
FNDA:1,(anonymous_18)
FNDA:2,UpdateImageService
FNDA:2,(anonymous_20)
DA:3,1
DA:4,1
DA:15,1
DA:18,2
DA:21,2
DA:24,1
DA:25,2
DA:27,2
DA:29,2
DA:30,1
DA:33,1
DA:34,2
DA:37,1
DA:39,1
DA:41,2
DA:43,1
DA:45,1
DA:47,1
LF:18
LH:18
BRDA:27,0,0,2
BRDA:27,0,1,1
BRDA:29,1,0,1
BRDA:29,1,1,1
BRDA:33,2,0,0
BRDA:33,2,1,1
BRF:6
BRH:5
end_of_record
TN:
SF:src\modules\pets\services\UpdatePetService.ts
FN:23,(anonymous_18)
FN:24,UpdatePetService
FN:32,(anonymous_20)
FNF:3
FNH:3
FNDA:1,(anonymous_18)
FNDA:5,UpdatePetService
FNDA:5,(anonymous_20)
DA:2,1
DA:3,1
DA:23,1
DA:26,5
DA:29,5
DA:32,1
DA:33,5
DA:34,5
DA:35,5
DA:36,5
DA:37,5
DA:38,5
DA:39,5
DA:40,5
DA:41,5
DA:42,5
DA:43,5
DA:44,5
DA:46,5
DA:48,5
DA:49,1
DA:52,4
DA:54,4
DA:55,1
DA:58,3
DA:59,1
DA:62,2
DA:63,2
DA:64,2
DA:65,1
DA:67,2
DA:68,1
DA:72,2
DA:73,2
DA:74,2
DA:75,2
DA:76,2
DA:77,2
DA:78,2
DA:79,2
DA:80,2
DA:81,2
DA:83,2
DA:85,1
DA:87,1
LF:45
LH:45
BRDA:46,0,0,5
BRDA:48,1,0,1
BRDA:48,1,1,4
BRDA:54,2,0,1
BRDA:54,2,1,3
BRDA:58,3,0,1
BRDA:58,3,1,2
BRDA:62,4,0,2
BRDA:62,4,1,0
BRDA:62,5,0,2
BRDA:62,5,1,0
BRDA:64,6,0,1
BRDA:64,6,1,1
BRDA:67,7,0,1
BRDA:67,7,1,1
BRF:15
BRH:13
end_of_record
TN:
SF:src\modules\users\services\AuthenticateUserService.ts
FN:23,(anonymous_18)
FN:24,AuthenticateUserService
FN:31,(anonymous_20)
FNF:3
FNH:3
FNDA:1,(anonymous_18)
FNDA:3,AuthenticateUserService
FNDA:3,(anonymous_20)
DA:2,1
DA:3,1
DA:5,1
DA:8,1
DA:23,1
DA:26,3
DA:29,3
DA:31,3
DA:33,3
DA:35,3
DA:36,1
DA:39,2
DA:41,2
DA:42,1
DA:45,1
DA:50,1
DA:55,1
DA:57,1
LF:18
LH:18
BRDA:33,0,0,3
BRDA:35,1,0,1
BRDA:35,1,1,2
BRDA:41,2,0,1
BRDA:41,2,1,1
BRF:5
BRH:5
end_of_record
TN:
SF:src\modules\users\services\CreateUserService.ts
FN:16,(anonymous_18)
FN:17,CreateUserService
FN:24,(anonymous_20)
FNF:3
FNH:3
FNDA:2,(anonymous_18)
FNDA:5,CreateUserService
FNDA:7,(anonymous_20)
DA:1,2
DA:4,2
DA:16,2
DA:19,5
DA:22,5
DA:24,7
DA:25,7
DA:27,7
DA:28,2
DA:31,5
DA:33,5
DA:40,5
DA:42,2
DA:44,2
LF:14
LH:14
BRDA:25,0,0,7
BRDA:27,1,0,2
BRDA:27,1,1,5
BRF:3
BRH:3
end_of_record
TN:
SF:src\modules\users\services\ResetPasswordService.ts
FN:16,(anonymous_18)
FN:17,ResetPasswordService
FN:27,(anonymous_20)
FNF:3
FNH:3
FNDA:1,(anonymous_18)
FNDA:4,ResetPasswordService
FNDA:4,(anonymous_20)
DA:1,1
DA:2,1
DA:4,1
DA:16,1
DA:19,4
DA:22,4
DA:25,4
DA:27,4
DA:28,4
DA:30,4
DA:31,1
DA:34,3
DA:36,3
DA:37,1
DA:40,2
DA:41,2
DA:43,2
DA:44,1
DA:47,1
DA:49,2
DA:51,1
DA:53,1
LF:22
LH:22
BRDA:28,0,0,4
BRDA:30,1,0,1
BRDA:30,1,1,3
BRDA:36,2,0,1
BRDA:36,2,1,2
BRDA:43,3,0,1
BRDA:43,3,1,1
BRF:7
BRH:7
end_of_record
TN:
SF:src\modules\users\services\SendForgotPasswordService.ts
FN:16,(anonymous_18)
FN:17,SendForgotPasswordService
FN:27,(anonymous_20)
FNF:3
FNH:3
FNDA:1,(anonymous_18)
FNDA:3,SendForgotPasswordService
FNDA:3,(anonymous_20)
DA:1,1
DA:3,1
DA:5,1
DA:16,1
DA:19,3
DA:22,3
DA:25,3
DA:27,3
DA:28,3
DA:30,3
DA:31,1
DA:34,2
DA:36,2
DA:38,4
DA:53,1
DA:55,1
LF:16
LH:16
BRDA:28,0,0,3
BRDA:30,1,0,1
BRDA:30,1,1,2
BRF:3
BRH:3
end_of_record
TN:
SF:src\modules\users\services\ShowProfileService.ts
FN:13,(anonymous_18)
FN:14,ShowProfileService
FN:19,(anonymous_20)
FNF:3
FNH:3
FNDA:1,(anonymous_18)
FNDA:2,ShowProfileService
FNDA:2,(anonymous_20)
DA:1,1
DA:3,1
DA:13,1
DA:16,2
DA:19,1
DA:20,2
DA:22,2
DA:24,2
DA:25,1
DA:28,1
DA:30,1
DA:32,1
LF:12
LH:12
BRDA:22,0,0,2
BRDA:24,1,0,1
BRDA:24,1,1,1
BRF:3
BRH:3
end_of_record
TN:
SF:src\modules\users\services\UpdateProfileService.ts
FN:20,(anonymous_18)
FN:21,UpdateProfileService
FN:29,(anonymous_20)
FNF:3
FNH:3
FNDA:1,(anonymous_18)
FNDA:7,UpdateProfileService
FNDA:7,(anonymous_20)
DA:1,1
DA:3,1
DA:20,1
DA:23,7
DA:26,7
DA:29,1
DA:30,7
DA:31,7
DA:32,7
DA:33,7
DA:34,7
DA:35,7
DA:36,7
DA:38,7
DA:40,7
DA:41,1
DA:44,6
DA:46,6
DA:47,1
DA:50,5
DA:51,1
DA:54,6
DA:55,2
DA:60,2
DA:61,1
DA:64,1
DA:67,3
DA:68,1
DA:71,3
DA:72,3
DA:73,3
DA:75,3
DA:77,1
LF:33
LH:33
BRDA:38,0,0,7
BRDA:40,1,0,1
BRDA:40,1,1,6
BRDA:46,2,0,1
BRDA:46,2,1,5
BRDA:46,3,0,6
BRDA:46,3,1,5
BRDA:50,4,0,1
BRDA:50,4,1,4
BRDA:50,5,0,5
BRDA:50,5,1,3
BRDA:54,6,0,2
BRDA:54,6,1,2
BRDA:54,7,0,4
BRDA:54,7,1,2
BRDA:60,8,0,1
BRDA:60,8,1,1
BRDA:67,9,0,1
BRDA:67,9,1,2
BRF:19
BRH:19
end_of_record
TN:
SF:src\modules\users\services\UpdateUserAvatarService.ts
FN:15,(anonymous_18)
FN:16,UpdateUserAvatarService
FN:24,(anonymous_20)
FNF:3
FNH:3
FNDA:1,(anonymous_18)
FNDA:3,UpdateUserAvatarService
FNDA:4,(anonymous_20)
DA:1,1
DA:3,1
DA:15,1
DA:18,3
DA:21,3
DA:24,1
DA:25,4
DA:26,4
DA:28,4
DA:30,4
DA:31,1
DA:34,5
DA:35,2
DA:38,3
DA:40,3
DA:42,6
DA:44,3
DA:46,1
LF:18
LH:18
BRDA:28,0,0,4
BRDA:28,0,1,3
BRDA:30,1,0,1
BRDA:30,1,1,3
BRDA:34,2,0,2
BRDA:34,2,1,1
BRF:6
BRH:6
end_of_record
