TN:
SF:src\modules\users\services\AuthenticateUserService.ts
FN:23,(anonymous_18)
FN:24,AuthenticateUserService
FN:31,(anonymous_20)
FNF:3
FNH:3
FNDA:1,(anonymous_18)
FNDA:3,AuthenticateUserService
FNDA:3,(anonymous_20)
DA:2,1
DA:3,1
DA:5,1
DA:8,1
DA:23,1
DA:26,3
DA:29,3
DA:31,3
DA:33,3
DA:35,3
DA:36,1
DA:39,2
DA:41,2
DA:42,1
DA:45,1
DA:50,1
DA:55,1
DA:57,1
LF:18
LH:18
BRDA:33,0,0,3
BRDA:35,1,0,1
BRDA:35,1,1,2
BRDA:41,2,0,1
BRDA:41,2,1,1
BRF:5
BRH:5
end_of_record
TN:
SF:src\modules\users\services\CreateUserService.ts
FN:16,(anonymous_18)
FN:17,CreateUserService
FN:24,(anonymous_20)
FNF:3
FNH:3
FNDA:2,(anonymous_18)
FNDA:5,CreateUserService
FNDA:7,(anonymous_20)
DA:1,2
DA:4,2
DA:16,2
DA:19,5
DA:22,5
DA:24,7
DA:25,7
DA:27,7
DA:28,2
DA:31,5
DA:33,5
DA:40,5
DA:42,2
DA:44,2
LF:14
LH:14
BRDA:25,0,0,7
BRDA:27,1,0,2
BRDA:27,1,1,5
BRF:3
BRH:3
end_of_record
